<?xml version="1.0" encoding="UTF-8"?>
<!-- Generated by org.testng.reporters.JUnitXMLReporter -->
<testsuite hostname="Sanjidas-MacBook-Pro.local" ignored="0" name="chome test" tests="1" failures="1" timestamp="09 Jan 2018 08:43:47 GMT" time="11.062" errors="0">
  <testcase name="typeByXpath" time="8.048" classname="tests.Test1">
    <failure type="java.lang.NullPointerException">
      <![CDATA[java.lang.NullPointerException
	at utils.WebDriverApi.typeById(WebDriverApi.java:28)
	at tests.Test1.typeByXpath(Test1.java:17)
... Removed 25 stack frames]]>
    </failure>
  </testcase> <!-- typeByXpath -->
</testsuite> <!-- chome test -->
