<?xml version="1.0" encoding="UTF-8"?>
<testng-results skipped="0" failed="1" ignored="0" total="1" passed="0">
  <reporter-output>
  </reporter-output>
  <suite name="testNG Framework" duration-ms="11062" started-at="2018-01-09T08:43:31Z" finished-at="2018-01-09T08:43:42Z">
    <groups>
    </groups>
    <test name="chome test" duration-ms="11062" started-at="2018-01-09T08:43:31Z" finished-at="2018-01-09T08:43:42Z">
      <class name="tests.Test1">
        <test-method status="PASS" signature="setUp(java.lang.String)[pri:0, instance:tests.Test1@56ac3a89]" name="setUp" is-config="true" duration-ms="2997" started-at="2018-01-09T03:43:31Z" finished-at="2018-01-09T03:43:34Z">
          <params>
            <param index="0">
              <value>
                <![CDATA[Ch]]>
              </value>
            </param>
          </params>
          <reporter-output>
          </reporter-output>
        </test-method> <!-- setUp -->
        <test-method status="FAIL" signature="typeByXpath()[pri:0, instance:tests.Test1@56ac3a89]" name="typeByXpath" duration-ms="8048" started-at="2018-01-09T03:43:34Z" finished-at="2018-01-09T03:43:42Z">
          <exception class="java.lang.NullPointerException">
            <full-stacktrace>
              <![CDATA[java.lang.NullPointerException
	at utils.WebDriverApi.typeById(WebDriverApi.java:28)
	at tests.Test1.typeByXpath(Test1.java:17)
	at sun.reflect.NativeMethodAccessorImpl.invoke0(Native Method)
	at sun.reflect.NativeMethodAccessorImpl.invoke(NativeMethodAccessorImpl.java:62)
	at sun.reflect.DelegatingMethodAccessorImpl.invoke(DelegatingMethodAccessorImpl.java:43)
	at java.lang.reflect.Method.invoke(Method.java:498)
	at org.testng.internal.MethodInvocationHelper.invokeMethod(MethodInvocationHelper.java:108)
	at org.testng.internal.Invoker.invokeMethod(Invoker.java:669)
	at org.testng.internal.Invoker.invokeTestMethod(Invoker.java:877)
	at org.testng.internal.Invoker.invokeTestMethods(Invoker.java:1201)
	at org.testng.internal.TestMethodWorker.invokeTestMethods(TestMethodWorker.java:125)
	at org.testng.internal.TestMethodWorker.run(TestMethodWorker.java:109)
	at org.testng.TestRunner.privateRun(TestRunner.java:776)
	at org.testng.TestRunner.run(TestRunner.java:634)
	at org.testng.SuiteRunner.runTest(SuiteRunner.java:425)
	at org.testng.SuiteRunner.runSequentially(SuiteRunner.java:420)
	at org.testng.SuiteRunner.privateRun(SuiteRunner.java:385)
	at org.testng.SuiteRunner.run(SuiteRunner.java:334)
	at org.testng.SuiteRunnerWorker.runSuite(SuiteRunnerWorker.java:52)
	at org.testng.SuiteRunnerWorker.run(SuiteRunnerWorker.java:86)
	at org.testng.TestNG.runSuitesSequentially(TestNG.java:1318)
	at org.testng.TestNG.runSuitesLocally(TestNG.java:1243)
	at org.testng.TestNG.runSuites(TestNG.java:1161)
	at org.testng.TestNG.run(TestNG.java:1129)
	at org.testng.remote.AbstractRemoteTestNG.run(AbstractRemoteTestNG.java:114)
	at org.testng.remote.RemoteTestNG.initAndRun(RemoteTestNG.java:251)
	at org.testng.remote.RemoteTestNG.main(RemoteTestNG.java:77)
]]>
            </full-stacktrace>
          </exception> <!-- java.lang.NullPointerException -->
          <reporter-output>
          </reporter-output>
        </test-method> <!-- typeByXpath -->
        <test-method status="PASS" signature="tearDown()[pri:0, instance:tests.Test1@56ac3a89]" name="tearDown" is-config="true" duration-ms="1" started-at="2018-01-09T03:43:42Z" finished-at="2018-01-09T03:43:42Z">
          <reporter-output>
          </reporter-output>
        </test-method> <!-- tearDown -->
      </class> <!-- tests.Test1 -->
    </test> <!-- chome test -->
  </suite> <!-- testNG Framework -->
</testng-results>
